<?xml version="1.0" encoding="UTF-8" standalone="yes"?>
<ns2:test-suite start="1466270961292" stop="1466271080175" version="1.4.23" xmlns:ns2="urn:model.allure.qatools.yandex.ru">
    <name>template-suite : A</name>
    <title>template-suite : A</title>
    <test-cases>
        <test-case start="1466271034565" stop="1466271080402" status="failed">
            <name>setPayMethod</name>
            <failure>
                <message>ElementShould: Element should be visible {By.xpath: //ul[@class='fc-dropdown__item-container']/li[2]}
Element: '&lt;li class="fc-dropdown__item" value="0" displayed:false&gt;&lt;/li&gt;'</message>
                <stack-trace>Element should be visible {By.xpath: //ul[@class='fc-dropdown__item-container']/li[2]}
Element: '&lt;li class="fc-dropdown__item" value="0" displayed:false&gt;&lt;/li&gt;'
Screenshot: file:/home/cosmic/IdeaProjects/FC/ui-tests/.idea/modules/build/reports/tests/1466271076995.0.html
Timeout: 8 s.
	at com.codeborne.selenide.impl.WebElementSource.checkCondition(WebElementSource.java:66)
	at com.codeborne.selenide.commands.Should.should(Should.java:35)
	at com.codeborne.selenide.commands.Should.execute(Should.java:29)
	at com.codeborne.selenide.commands.Should.execute(Should.java:12)
	at com.codeborne.selenide.commands.Commands.execute(Commands.java:137)
	at com.codeborne.selenide.impl.SelenideElementProxy.dispatchAndRetry(SelenideElementProxy.java:82)
	at com.codeborne.selenide.impl.SelenideElementProxy.invoke(SelenideElementProxy.java:58)
	at com.sun.proxy.$Proxy5.shouldBe(Unknown Source)
	at base.BasePage.elementIsVisible(BasePage.java:43)
	at base.BasePage.clickBtn(BasePage.java:28)
	at pages.OrderDetailsPage.setExpirationDate(OrderDetailsPage.java:590)
	at pages.OrderDetailsPage.addNewCreditCard(OrderDetailsPage.java:602)
	at tests.orderstests.PaymentMethodTest.setPayMethod(PaymentMethodTest.java:37)
	at sun.reflect.NativeMethodAccessorImpl.invoke0(Native Method)
	at sun.reflect.NativeMethodAccessorImpl.invoke(NativeMethodAccessorImpl.java:62)
	at sun.reflect.DelegatingMethodAccessorImpl.invoke(DelegatingMethodAccessorImpl.java:43)
	at java.lang.reflect.Method.invoke(Method.java:498)
	at org.testng.internal.MethodInvocationHelper.invokeMethod(MethodInvocationHelper.java:86)
	at org.testng.internal.Invoker.invokeMethod(Invoker.java:643)
	at org.testng.internal.Invoker.invokeTestMethod(Invoker.java:820)
	at org.testng.internal.Invoker.invokeTestMethods(Invoker.java:1128)
	at org.testng.internal.TestMethodWorker.invokeTestMethods(TestMethodWorker.java:129)
	at org.testng.internal.TestMethodWorker.run(TestMethodWorker.java:112)
	at org.testng.TestRunner.privateRun(TestRunner.java:782)
	at org.testng.TestRunner.run(TestRunner.java:632)
	at org.testng.SuiteRunner.runTest(SuiteRunner.java:366)
	at org.testng.SuiteRunner.runSequentially(SuiteRunner.java:361)
	at org.testng.SuiteRunner.privateRun(SuiteRunner.java:319)
	at org.testng.SuiteRunner.run(SuiteRunner.java:268)
	at org.testng.SuiteRunnerWorker.runSuite(SuiteRunnerWorker.java:52)
	at org.testng.SuiteRunnerWorker.run(SuiteRunnerWorker.java:86)
	at org.testng.TestNG.runSuitesSequentially(TestNG.java:1244)
	at org.testng.TestNG.runSuitesLocally(TestNG.java:1169)
	at org.testng.TestNG.run(TestNG.java:1064)
	at org.testng.IDEARemoteTestNG.run(IDEARemoteTestNG.java:74)
	at org.testng.RemoteTestNGStarter.main(RemoteTestNGStarter.java:121)
	at sun.reflect.NativeMethodAccessorImpl.invoke0(Native Method)
	at sun.reflect.NativeMethodAccessorImpl.invoke(NativeMethodAccessorImpl.java:62)
	at sun.reflect.DelegatingMethodAccessorImpl.invoke(DelegatingMethodAccessorImpl.java:43)
	at java.lang.reflect.Method.invoke(Method.java:498)
	at com.intellij.rt.execution.application.AppMain.main(AppMain.java:144)
</stack-trace>
            </failure>
            <steps/>
            <attachments/>
            <labels>
                <label name="host" value="orange"/>
                <label name="thread" value="21308@orange.main(1)"/>
            </labels>
        </test-case>
        <test-case start="1466270961292" stop="1466271080173" status="broken">
            <name>template-suite : A</name>
            <title>template-suite : A</title>
            <failure>
                <message>Test suite was interrupted, some test cases may be lost</message>
            </failure>
        </test-case>
    </test-cases>
    <labels>
        <label name="framework" value="TestNG"/>
        <label name="language" value="JAVA"/>
    </labels>
</ns2:test-suite>
