<?xml version="1.0" encoding="UTF-8" standalone="yes"?>
<ns2:test-suite start="1466333699811" stop="1466334540817" version="1.4.23" xmlns:ns2="urn:model.allure.qatools.yandex.ru">
    <name>template-suite : A</name>
    <title>template-suite : A</title>
    <test-cases>
        <test-case start="1466333762847" stop="1466333767011" status="passed">
            <name>incorrect_credentials_test</name>
            <steps/>
            <attachments/>
            <labels>
                <label name="host" value="orange"/>
                <label name="thread" value="15603@orange.main(1)"/>
            </labels>
        </test-case>
        <test-case start="1466333767098" stop="1466333775579" status="passed">
            <name>login_logout_test</name>
            <steps/>
            <attachments/>
            <labels>
                <label name="host" value="orange"/>
                <label name="thread" value="15603@orange.main(1)"/>
            </labels>
        </test-case>
        <test-case start="1466333968170" stop="1466333979612" status="passed">
            <name>removeFilter</name>
            <steps/>
            <attachments/>
            <labels>
                <label name="host" value="orange"/>
                <label name="thread" value="15603@orange.main(1)"/>
            </labels>
        </test-case>
        <test-case start="1466333979729" stop="1466333989224" status="passed">
            <name>addSearchFilter_usingArrowKeys</name>
            <steps/>
            <attachments/>
            <labels>
                <label name="host" value="orange"/>
                <label name="thread" value="15603@orange.main(1)"/>
            </labels>
        </test-case>
        <test-case start="1466333989913" stop="1466334001211" status="failed">
            <name>customerName_filter</name>
            <failure>
                <message>AssertionError: Search results aren't relevant to a given search criteria expected [Test Customer-89639] but found [Watson Considine]</message>
                <stack-trace>java.lang.AssertionError: Search results aren't relevant to a given search criteria expected [Test Customer-89639] but found [Watson Considine]
	at org.testng.Assert.fail(Assert.java:94)
	at org.testng.Assert.failNotEquals(Assert.java:513)
	at org.testng.Assert.assertEqualsImpl(Assert.java:135)
	at org.testng.Assert.assertEquals(Assert.java:116)
	at org.testng.Assert.assertEquals(Assert.java:190)
	at pages.OrdersPage.assertOrderParameter(OrdersPage.java:109)
	at tests.orderstests.SearchTest.customerName_filter(SearchTest.java:52)
	at sun.reflect.NativeMethodAccessorImpl.invoke0(Native Method)
	at sun.reflect.NativeMethodAccessorImpl.invoke(NativeMethodAccessorImpl.java:62)
	at sun.reflect.DelegatingMethodAccessorImpl.invoke(DelegatingMethodAccessorImpl.java:43)
	at java.lang.reflect.Method.invoke(Method.java:498)
	at org.testng.internal.MethodInvocationHelper.invokeMethod(MethodInvocationHelper.java:86)
	at org.testng.internal.Invoker.invokeMethod(Invoker.java:643)
	at org.testng.internal.Invoker.invokeTestMethod(Invoker.java:820)
	at org.testng.internal.Invoker.invokeTestMethods(Invoker.java:1128)
	at org.testng.internal.TestMethodWorker.invokeTestMethods(TestMethodWorker.java:129)
	at org.testng.internal.TestMethodWorker.run(TestMethodWorker.java:112)
	at org.testng.TestRunner.privateRun(TestRunner.java:782)
	at org.testng.TestRunner.run(TestRunner.java:632)
	at org.testng.SuiteRunner.runTest(SuiteRunner.java:366)
	at org.testng.SuiteRunner.runSequentially(SuiteRunner.java:361)
	at org.testng.SuiteRunner.privateRun(SuiteRunner.java:319)
	at org.testng.SuiteRunner.run(SuiteRunner.java:268)
	at org.testng.SuiteRunnerWorker.runSuite(SuiteRunnerWorker.java:52)
	at org.testng.SuiteRunnerWorker.run(SuiteRunnerWorker.java:86)
	at org.testng.TestNG.runSuitesSequentially(TestNG.java:1244)
	at org.testng.TestNG.runSuitesLocally(TestNG.java:1169)
	at org.testng.TestNG.run(TestNG.java:1064)
	at org.testng.IDEARemoteTestNG.run(IDEARemoteTestNG.java:74)
	at org.testng.RemoteTestNGStarter.main(RemoteTestNGStarter.java:121)
	at sun.reflect.NativeMethodAccessorImpl.invoke0(Native Method)
	at sun.reflect.NativeMethodAccessorImpl.invoke(NativeMethodAccessorImpl.java:62)
	at sun.reflect.DelegatingMethodAccessorImpl.invoke(DelegatingMethodAccessorImpl.java:43)
	at java.lang.reflect.Method.invoke(Method.java:498)
	at com.intellij.rt.execution.application.AppMain.main(AppMain.java:144)
</stack-trace>
            </failure>
            <steps/>
            <attachments/>
            <labels>
                <label name="host" value="orange"/>
                <label name="thread" value="15603@orange.main(1)"/>
            </labels>
        </test-case>
        <test-case start="1466334002123" stop="1466334012729" status="failed">
            <name>customerEmail_filter</name>
            <failure>
                <message>AssertionError: Search results aren't relevant to a given search criteria expected [testcustomer.89639@mail.com] but found [tatyana_dr._dicki@gmail.com]</message>
                <stack-trace>java.lang.AssertionError: Search results aren't relevant to a given search criteria expected [testcustomer.89639@mail.com] but found [tatyana_dr._dicki@gmail.com]
	at org.testng.Assert.fail(Assert.java:94)
	at org.testng.Assert.failNotEquals(Assert.java:513)
	at org.testng.Assert.assertEqualsImpl(Assert.java:135)
	at org.testng.Assert.assertEquals(Assert.java:116)
	at org.testng.Assert.assertEquals(Assert.java:190)
	at pages.OrdersPage.assertOrderParameter(OrdersPage.java:109)
	at tests.orderstests.SearchTest.customerEmail_filter(SearchTest.java:60)
	at sun.reflect.NativeMethodAccessorImpl.invoke0(Native Method)
	at sun.reflect.NativeMethodAccessorImpl.invoke(NativeMethodAccessorImpl.java:62)
	at sun.reflect.DelegatingMethodAccessorImpl.invoke(DelegatingMethodAccessorImpl.java:43)
	at java.lang.reflect.Method.invoke(Method.java:498)
	at org.testng.internal.MethodInvocationHelper.invokeMethod(MethodInvocationHelper.java:86)
	at org.testng.internal.Invoker.invokeMethod(Invoker.java:643)
	at org.testng.internal.Invoker.invokeTestMethod(Invoker.java:820)
	at org.testng.internal.Invoker.invokeTestMethods(Invoker.java:1128)
	at org.testng.internal.TestMethodWorker.invokeTestMethods(TestMethodWorker.java:129)
	at org.testng.internal.TestMethodWorker.run(TestMethodWorker.java:112)
	at org.testng.TestRunner.privateRun(TestRunner.java:782)
	at org.testng.TestRunner.run(TestRunner.java:632)
	at org.testng.SuiteRunner.runTest(SuiteRunner.java:366)
	at org.testng.SuiteRunner.runSequentially(SuiteRunner.java:361)
	at org.testng.SuiteRunner.privateRun(SuiteRunner.java:319)
	at org.testng.SuiteRunner.run(SuiteRunner.java:268)
	at org.testng.SuiteRunnerWorker.runSuite(SuiteRunnerWorker.java:52)
	at org.testng.SuiteRunnerWorker.run(SuiteRunnerWorker.java:86)
	at org.testng.TestNG.runSuitesSequentially(TestNG.java:1244)
	at org.testng.TestNG.runSuitesLocally(TestNG.java:1169)
	at org.testng.TestNG.run(TestNG.java:1064)
	at org.testng.IDEARemoteTestNG.run(IDEARemoteTestNG.java:74)
	at org.testng.RemoteTestNGStarter.main(RemoteTestNGStarter.java:121)
	at sun.reflect.NativeMethodAccessorImpl.invoke0(Native Method)
	at sun.reflect.NativeMethodAccessorImpl.invoke(NativeMethodAccessorImpl.java:62)
	at sun.reflect.DelegatingMethodAccessorImpl.invoke(DelegatingMethodAccessorImpl.java:43)
	at java.lang.reflect.Method.invoke(Method.java:498)
	at com.intellij.rt.execution.application.AppMain.main(AppMain.java:144)
</stack-trace>
            </failure>
            <steps/>
            <attachments/>
            <labels>
                <label name="host" value="orange"/>
                <label name="thread" value="15603@orange.main(1)"/>
            </labels>
        </test-case>
        <test-case start="1466334013173" stop="1466334022087" status="passed">
            <name>orderTotal_filter</name>
            <steps/>
            <attachments/>
            <labels>
                <label name="host" value="orange"/>
                <label name="thread" value="15603@orange.main(1)"/>
            </labels>
        </test-case>
        <test-case start="1466334022607" stop="1466334024376" status="failed">
            <name>noSearchResults_SKU</name>
            <failure>
                <message>AssertionError: Search query output isn't empty expected [true] but found [false]</message>
                <stack-trace>java.lang.AssertionError: Search query output isn't empty expected [true] but found [false]
	at org.testng.Assert.fail(Assert.java:94)
	at org.testng.Assert.failNotEquals(Assert.java:513)
	at org.testng.Assert.assertTrue(Assert.java:42)
	at pages.OrdersPage.assertNoSearchResults(OrdersPage.java:371)
	at tests.orderstests.SearchTest.noSearchResults_SKU(SearchTest.java:85)
	at sun.reflect.NativeMethodAccessorImpl.invoke0(Native Method)
	at sun.reflect.NativeMethodAccessorImpl.invoke(NativeMethodAccessorImpl.java:62)
	at sun.reflect.DelegatingMethodAccessorImpl.invoke(DelegatingMethodAccessorImpl.java:43)
	at java.lang.reflect.Method.invoke(Method.java:498)
	at org.testng.internal.MethodInvocationHelper.invokeMethod(MethodInvocationHelper.java:86)
	at org.testng.internal.Invoker.invokeMethod(Invoker.java:643)
	at org.testng.internal.Invoker.invokeTestMethod(Invoker.java:820)
	at org.testng.internal.Invoker.invokeTestMethods(Invoker.java:1128)
	at org.testng.internal.TestMethodWorker.invokeTestMethods(TestMethodWorker.java:129)
	at org.testng.internal.TestMethodWorker.run(TestMethodWorker.java:112)
	at org.testng.TestRunner.privateRun(TestRunner.java:782)
	at org.testng.TestRunner.run(TestRunner.java:632)
	at org.testng.SuiteRunner.runTest(SuiteRunner.java:366)
	at org.testng.SuiteRunner.runSequentially(SuiteRunner.java:361)
	at org.testng.SuiteRunner.privateRun(SuiteRunner.java:319)
	at org.testng.SuiteRunner.run(SuiteRunner.java:268)
	at org.testng.SuiteRunnerWorker.runSuite(SuiteRunnerWorker.java:52)
	at org.testng.SuiteRunnerWorker.run(SuiteRunnerWorker.java:86)
	at org.testng.TestNG.runSuitesSequentially(TestNG.java:1244)
	at org.testng.TestNG.runSuitesLocally(TestNG.java:1169)
	at org.testng.TestNG.run(TestNG.java:1064)
	at org.testng.IDEARemoteTestNG.run(IDEARemoteTestNG.java:74)
	at org.testng.RemoteTestNGStarter.main(RemoteTestNGStarter.java:121)
	at sun.reflect.NativeMethodAccessorImpl.invoke0(Native Method)
	at sun.reflect.NativeMethodAccessorImpl.invoke(NativeMethodAccessorImpl.java:62)
	at sun.reflect.DelegatingMethodAccessorImpl.invoke(DelegatingMethodAccessorImpl.java:43)
	at java.lang.reflect.Method.invoke(Method.java:498)
	at com.intellij.rt.execution.application.AppMain.main(AppMain.java:144)
</stack-trace>
            </failure>
            <steps/>
            <attachments/>
            <labels>
                <label name="host" value="orange"/>
                <label name="thread" value="15603@orange.main(1)"/>
            </labels>
        </test-case>
        <test-case start="1466334024397" stop="1466334029544" status="failed">
            <name>noSearchResults_email</name>
            <failure>
                <message>AssertionError: Search query output isn't empty expected [true] but found [false]</message>
                <stack-trace>java.lang.AssertionError: Search query output isn't empty expected [true] but found [false]
	at org.testng.Assert.fail(Assert.java:94)
	at org.testng.Assert.failNotEquals(Assert.java:513)
	at org.testng.Assert.assertTrue(Assert.java:42)
	at pages.OrdersPage.assertNoSearchResults(OrdersPage.java:371)
	at tests.orderstests.SearchTest.noSearchResults_email(SearchTest.java:77)
	at sun.reflect.NativeMethodAccessorImpl.invoke0(Native Method)
	at sun.reflect.NativeMethodAccessorImpl.invoke(NativeMethodAccessorImpl.java:62)
	at sun.reflect.DelegatingMethodAccessorImpl.invoke(DelegatingMethodAccessorImpl.java:43)
	at java.lang.reflect.Method.invoke(Method.java:498)
	at org.testng.internal.MethodInvocationHelper.invokeMethod(MethodInvocationHelper.java:86)
	at org.testng.internal.Invoker.invokeMethod(Invoker.java:643)
	at org.testng.internal.Invoker.invokeTestMethod(Invoker.java:820)
	at org.testng.internal.Invoker.invokeTestMethods(Invoker.java:1128)
	at org.testng.internal.TestMethodWorker.invokeTestMethods(TestMethodWorker.java:129)
	at org.testng.internal.TestMethodWorker.run(TestMethodWorker.java:112)
	at org.testng.TestRunner.privateRun(TestRunner.java:782)
	at org.testng.TestRunner.run(TestRunner.java:632)
	at org.testng.SuiteRunner.runTest(SuiteRunner.java:366)
	at org.testng.SuiteRunner.runSequentially(SuiteRunner.java:361)
	at org.testng.SuiteRunner.privateRun(SuiteRunner.java:319)
	at org.testng.SuiteRunner.run(SuiteRunner.java:268)
	at org.testng.SuiteRunnerWorker.runSuite(SuiteRunnerWorker.java:52)
	at org.testng.SuiteRunnerWorker.run(SuiteRunnerWorker.java:86)
	at org.testng.TestNG.runSuitesSequentially(TestNG.java:1244)
	at org.testng.TestNG.runSuitesLocally(TestNG.java:1169)
	at org.testng.TestNG.run(TestNG.java:1064)
	at org.testng.IDEARemoteTestNG.run(IDEARemoteTestNG.java:74)
	at org.testng.RemoteTestNGStarter.main(RemoteTestNGStarter.java:121)
	at sun.reflect.NativeMethodAccessorImpl.invoke0(Native Method)
	at sun.reflect.NativeMethodAccessorImpl.invoke(NativeMethodAccessorImpl.java:62)
	at sun.reflect.DelegatingMethodAccessorImpl.invoke(DelegatingMethodAccessorImpl.java:43)
	at java.lang.reflect.Method.invoke(Method.java:498)
	at com.intellij.rt.execution.application.AppMain.main(AppMain.java:144)
</stack-trace>
            </failure>
            <steps/>
            <attachments/>
            <labels>
                <label name="host" value="orange"/>
                <label name="thread" value="15603@orange.main(1)"/>
            </labels>
        </test-case>
        <test-case start="1466334038849" stop="1466334052028" status="passed">
            <name>addItemToCart</name>
            <steps/>
            <attachments/>
            <labels>
                <label name="host" value="orange"/>
                <label name="thread" value="15603@orange.main(1)"/>
            </labels>
        </test-case>
        <test-case start="1466334052030" stop="1466334062781" status="passed">
            <name>increaseItemQuantity_arrowBtn</name>
            <steps/>
            <attachments/>
            <labels>
                <label name="host" value="orange"/>
                <label name="thread" value="15603@orange.main(1)"/>
            </labels>
        </test-case>
        <test-case start="1466334062783" stop="1466334072557" status="passed">
            <name>decreaseItemQuantity_arrowBtn</name>
            <steps/>
            <attachments/>
            <labels>
                <label name="host" value="orange"/>
                <label name="thread" value="15603@orange.main(1)"/>
            </labels>
        </test-case>
        <test-case start="1466334072559" stop="1466334087754" status="passed">
            <name>decreaseItemQuantityBelowZero</name>
            <steps/>
            <attachments/>
            <labels>
                <label name="host" value="orange"/>
                <label name="thread" value="15603@orange.main(1)"/>
            </labels>
        </test-case>
        <test-case start="1466334087756" stop="1466334099016" status="passed">
            <name>editItemQuantity_directInput</name>
            <steps/>
            <attachments/>
            <labels>
                <label name="host" value="orange"/>
                <label name="thread" value="15603@orange.main(1)"/>
            </labels>
        </test-case>
        <test-case start="1466334099017" stop="1466334109643" status="passed">
            <name>deletionCancel_deleteBtn</name>
            <steps/>
            <attachments/>
            <labels>
                <label name="host" value="orange"/>
                <label name="thread" value="15603@orange.main(1)"/>
            </labels>
        </test-case>
        <test-case start="1466334109645" stop="1466334124955" status="passed">
            <name>deletionCancel_qtyBelowZero</name>
            <steps/>
            <attachments/>
            <labels>
                <label name="host" value="orange"/>
                <label name="thread" value="15603@orange.main(1)"/>
            </labels>
        </test-case>
        <test-case start="1466334124960" stop="1466334137628" status="passed">
            <name>deleteItem_deleteBtn</name>
            <steps/>
            <attachments/>
            <labels>
                <label name="host" value="orange"/>
                <label name="thread" value="15603@orange.main(1)"/>
            </labels>
        </test-case>
        <test-case start="1466334145789" stop="1466334176188" status="passed">
            <name>addNewAddress_emptyAddressBook</name>
            <steps/>
            <attachments/>
            <labels>
                <label name="host" value="orange"/>
                <label name="thread" value="15603@orange.main(1)"/>
            </labels>
        </test-case>
        <test-case start="1466334176328" stop="1466334206886" status="passed">
            <name>addNewAddress_nonEmptyAddressBook</name>
            <steps/>
            <attachments/>
            <labels>
                <label name="host" value="orange"/>
                <label name="thread" value="15603@orange.main(1)"/>
            </labels>
        </test-case>
        <test-case start="1466334206935" stop="1466334216226" status="passed">
            <name>chooseShippingAddress</name>
            <steps/>
            <attachments/>
            <labels>
                <label name="host" value="orange"/>
                <label name="thread" value="15603@orange.main(1)"/>
            </labels>
        </test-case>
        <test-case start="1466334216284" stop="1466334230799" status="failed">
            <name>editChosenShippingAddress</name>
            <failure>
                <message>ElementShouldNot: Element should not visible {By.xpath: //input[@name='name']}
Element: '&lt;input id="form-field-1" name="name" type="text" value="John Doe"&gt;&lt;/input&gt;'</message>
                <stack-trace>Element should not visible {By.xpath: //input[@name='name']}
Element: '&lt;input id="form-field-1" name="name" type="text" value="John Doe"&gt;&lt;/input&gt;'
Screenshot: file:/home/cosmic/IdeaProjects/FC/ui-tests/.idea/modules/build/reports/tests/1466334230301.0.png
Timeout: 8 s.
	at com.codeborne.selenide.impl.WebElementSource.checkCondition(WebElementSource.java:63)
	at com.codeborne.selenide.commands.ShouldNot.shouldNot(ShouldNot.java:36)
	at com.codeborne.selenide.commands.ShouldNot.execute(ShouldNot.java:29)
	at com.codeborne.selenide.commands.ShouldNot.execute(ShouldNot.java:12)
	at com.codeborne.selenide.commands.Commands.execute(Commands.java:137)
	at com.codeborne.selenide.impl.SelenideElementProxy.dispatchAndRetry(SelenideElementProxy.java:82)
	at com.codeborne.selenide.impl.SelenideElementProxy.invoke(SelenideElementProxy.java:58)
	at com.sun.proxy.$Proxy7.shouldNot(Unknown Source)
	at base.BasePage.elementNotVisible(BasePage.java:48)
	at pages.OrderDetailsPage.applyChangesToAddress(OrderDetailsPage.java:351)
	at tests.orderstests.ShippingAddressTest.editChosenShippingAddress(ShippingAddressTest.java:84)
	at sun.reflect.NativeMethodAccessorImpl.invoke0(Native Method)
	at sun.reflect.NativeMethodAccessorImpl.invoke(NativeMethodAccessorImpl.java:62)
	at sun.reflect.DelegatingMethodAccessorImpl.invoke(DelegatingMethodAccessorImpl.java:43)
	at java.lang.reflect.Method.invoke(Method.java:498)
	at org.testng.internal.MethodInvocationHelper.invokeMethod(MethodInvocationHelper.java:86)
	at org.testng.internal.Invoker.invokeMethod(Invoker.java:643)
	at org.testng.internal.Invoker.invokeTestMethod(Invoker.java:820)
	at org.testng.internal.Invoker.invokeTestMethods(Invoker.java:1128)
	at org.testng.internal.TestMethodWorker.invokeTestMethods(TestMethodWorker.java:129)
	at org.testng.internal.TestMethodWorker.run(TestMethodWorker.java:112)
	at org.testng.TestRunner.privateRun(TestRunner.java:782)
	at org.testng.TestRunner.run(TestRunner.java:632)
	at org.testng.SuiteRunner.runTest(SuiteRunner.java:366)
	at org.testng.SuiteRunner.runSequentially(SuiteRunner.java:361)
	at org.testng.SuiteRunner.privateRun(SuiteRunner.java:319)
	at org.testng.SuiteRunner.run(SuiteRunner.java:268)
	at org.testng.SuiteRunnerWorker.runSuite(SuiteRunnerWorker.java:52)
	at org.testng.SuiteRunnerWorker.run(SuiteRunnerWorker.java:86)
	at org.testng.TestNG.runSuitesSequentially(TestNG.java:1244)
	at org.testng.TestNG.runSuitesLocally(TestNG.java:1169)
	at org.testng.TestNG.run(TestNG.java:1064)
	at org.testng.IDEARemoteTestNG.run(IDEARemoteTestNG.java:74)
	at org.testng.RemoteTestNGStarter.main(RemoteTestNGStarter.java:121)
	at sun.reflect.NativeMethodAccessorImpl.invoke0(Native Method)
	at sun.reflect.NativeMethodAccessorImpl.invoke(NativeMethodAccessorImpl.java:62)
	at sun.reflect.DelegatingMethodAccessorImpl.invoke(DelegatingMethodAccessorImpl.java:43)
	at java.lang.reflect.Method.invoke(Method.java:498)
	at com.intellij.rt.execution.application.AppMain.main(AppMain.java:144)
</stack-trace>
            </failure>
            <steps/>
            <attachments/>
            <labels>
                <label name="host" value="orange"/>
                <label name="thread" value="15603@orange.main(1)"/>
            </labels>
        </test-case>
        <test-case start="1466334232087" stop="1466334263513" status="passed">
            <name>deleteChosenShippingAddress</name>
            <steps/>
            <attachments/>
            <labels>
                <label name="host" value="orange"/>
                <label name="thread" value="15603@orange.main(1)"/>
            </labels>
        </test-case>
        <test-case start="1466334263565" stop="1466334306536" status="passed">
            <name>setDefaultShippingAddress</name>
            <steps/>
            <attachments/>
            <labels>
                <label name="host" value="orange"/>
                <label name="thread" value="15603@orange.main(1)"/>
            </labels>
        </test-case>
        <test-case start="1466334306580" stop="1466334347994" status="passed">
            <name>changeDefaultShippingAddress</name>
            <steps/>
            <attachments/>
            <labels>
                <label name="host" value="orange"/>
                <label name="thread" value="15603@orange.main(1)"/>
            </labels>
        </test-case>
        <test-case start="1466334381396" stop="1466334408340" status="passed">
            <name>setShipMethod</name>
            <steps/>
            <attachments/>
            <labels>
                <label name="host" value="orange"/>
                <label name="thread" value="15603@orange.main(1)"/>
            </labels>
        </test-case>
        <test-case start="1466334418058" stop="1466334479626" status="passed">
            <name>addPaymentMethod_creditCard</name>
            <steps/>
            <attachments/>
            <labels>
                <label name="host" value="orange"/>
                <label name="thread" value="15603@orange.main(1)"/>
            </labels>
        </test-case>
    </test-cases>
    <labels>
        <label name="framework" value="TestNG"/>
        <label name="language" value="JAVA"/>
    </labels>
</ns2:test-suite>
