<?xml version="1.0" encoding="UTF-8" standalone="yes"?>
<ns2:test-suite start="1466348591168" stop="1466349132082" version="1.4.23" xmlns:ns2="urn:model.allure.qatools.yandex.ru">
    <name>template-suite : A</name>
    <title>template-suite : A</title>
    <test-cases>
        <test-case start="1466348610192" stop="1466348614359" status="passed">
            <name>incorrect_credentials_test</name>
            <steps/>
            <attachments/>
            <labels>
                <label name="host" value="orange"/>
                <label name="thread" value="3212@orange.main(1)"/>
            </labels>
        </test-case>
        <test-case start="1466348614452" stop="1466348622066" status="passed">
            <name>login_logout_test</name>
            <steps/>
            <attachments/>
            <labels>
                <label name="host" value="orange"/>
                <label name="thread" value="3212@orange.main(1)"/>
            </labels>
        </test-case>
        <test-case start="1466348638099" stop="1466348645753" status="passed">
            <name>removeFilter</name>
            <steps/>
            <attachments/>
            <labels>
                <label name="host" value="orange"/>
                <label name="thread" value="3212@orange.main(1)"/>
            </labels>
        </test-case>
        <test-case start="1466348645814" stop="1466348652721" status="passed">
            <name>addSearchFilter_usingArrowKeys</name>
            <steps/>
            <attachments/>
            <labels>
                <label name="host" value="orange"/>
                <label name="thread" value="3212@orange.main(1)"/>
            </labels>
        </test-case>
        <test-case start="1466348653199" stop="1466348661335" status="failed">
            <name>customerName_filter</name>
            <failure>
                <message>AssertionError: Search results aren't relevant to a given search criteria expected [Test Customer-10013] but found [King Cole]</message>
                <stack-trace>java.lang.AssertionError: Search results aren't relevant to a given search criteria expected [Test Customer-10013] but found [King Cole]
	at org.testng.Assert.fail(Assert.java:94)
	at org.testng.Assert.failNotEquals(Assert.java:513)
	at org.testng.Assert.assertEqualsImpl(Assert.java:135)
	at org.testng.Assert.assertEquals(Assert.java:116)
	at org.testng.Assert.assertEquals(Assert.java:190)
	at pages.OrdersPage.assertOrderParameter(OrdersPage.java:109)
	at tests.orderstests.SearchTest.customerName_filter(SearchTest.java:52)
	at sun.reflect.NativeMethodAccessorImpl.invoke0(Native Method)
	at sun.reflect.NativeMethodAccessorImpl.invoke(NativeMethodAccessorImpl.java:62)
	at sun.reflect.DelegatingMethodAccessorImpl.invoke(DelegatingMethodAccessorImpl.java:43)
	at java.lang.reflect.Method.invoke(Method.java:498)
	at org.testng.internal.MethodInvocationHelper.invokeMethod(MethodInvocationHelper.java:86)
	at org.testng.internal.Invoker.invokeMethod(Invoker.java:643)
	at org.testng.internal.Invoker.invokeTestMethod(Invoker.java:820)
	at org.testng.internal.Invoker.invokeTestMethods(Invoker.java:1128)
	at org.testng.internal.TestMethodWorker.invokeTestMethods(TestMethodWorker.java:129)
	at org.testng.internal.TestMethodWorker.run(TestMethodWorker.java:112)
	at org.testng.TestRunner.privateRun(TestRunner.java:782)
	at org.testng.TestRunner.run(TestRunner.java:632)
	at org.testng.SuiteRunner.runTest(SuiteRunner.java:366)
	at org.testng.SuiteRunner.runSequentially(SuiteRunner.java:361)
	at org.testng.SuiteRunner.privateRun(SuiteRunner.java:319)
	at org.testng.SuiteRunner.run(SuiteRunner.java:268)
	at org.testng.SuiteRunnerWorker.runSuite(SuiteRunnerWorker.java:52)
	at org.testng.SuiteRunnerWorker.run(SuiteRunnerWorker.java:86)
	at org.testng.TestNG.runSuitesSequentially(TestNG.java:1244)
	at org.testng.TestNG.runSuitesLocally(TestNG.java:1169)
	at org.testng.TestNG.run(TestNG.java:1064)
	at org.testng.IDEARemoteTestNG.run(IDEARemoteTestNG.java:74)
	at org.testng.RemoteTestNGStarter.main(RemoteTestNGStarter.java:121)
	at sun.reflect.NativeMethodAccessorImpl.invoke0(Native Method)
	at sun.reflect.NativeMethodAccessorImpl.invoke(NativeMethodAccessorImpl.java:62)
	at sun.reflect.DelegatingMethodAccessorImpl.invoke(DelegatingMethodAccessorImpl.java:43)
	at java.lang.reflect.Method.invoke(Method.java:498)
	at com.intellij.rt.execution.application.AppMain.main(AppMain.java:144)
</stack-trace>
            </failure>
            <steps/>
            <attachments/>
            <labels>
                <label name="host" value="orange"/>
                <label name="thread" value="3212@orange.main(1)"/>
            </labels>
        </test-case>
        <test-case start="1466348661723" stop="1466348668926" status="failed">
            <name>customerEmail_filter</name>
            <failure>
                <message>AssertionError: Search results aren't relevant to a given search criteria expected [testcustomer.10013@mail.com] but found [tamara_skiles@gmail.com]</message>
                <stack-trace>java.lang.AssertionError: Search results aren't relevant to a given search criteria expected [testcustomer.10013@mail.com] but found [tamara_skiles@gmail.com]
	at org.testng.Assert.fail(Assert.java:94)
	at org.testng.Assert.failNotEquals(Assert.java:513)
	at org.testng.Assert.assertEqualsImpl(Assert.java:135)
	at org.testng.Assert.assertEquals(Assert.java:116)
	at org.testng.Assert.assertEquals(Assert.java:190)
	at pages.OrdersPage.assertOrderParameter(OrdersPage.java:109)
	at tests.orderstests.SearchTest.customerEmail_filter(SearchTest.java:60)
	at sun.reflect.NativeMethodAccessorImpl.invoke0(Native Method)
	at sun.reflect.NativeMethodAccessorImpl.invoke(NativeMethodAccessorImpl.java:62)
	at sun.reflect.DelegatingMethodAccessorImpl.invoke(DelegatingMethodAccessorImpl.java:43)
	at java.lang.reflect.Method.invoke(Method.java:498)
	at org.testng.internal.MethodInvocationHelper.invokeMethod(MethodInvocationHelper.java:86)
	at org.testng.internal.Invoker.invokeMethod(Invoker.java:643)
	at org.testng.internal.Invoker.invokeTestMethod(Invoker.java:820)
	at org.testng.internal.Invoker.invokeTestMethods(Invoker.java:1128)
	at org.testng.internal.TestMethodWorker.invokeTestMethods(TestMethodWorker.java:129)
	at org.testng.internal.TestMethodWorker.run(TestMethodWorker.java:112)
	at org.testng.TestRunner.privateRun(TestRunner.java:782)
	at org.testng.TestRunner.run(TestRunner.java:632)
	at org.testng.SuiteRunner.runTest(SuiteRunner.java:366)
	at org.testng.SuiteRunner.runSequentially(SuiteRunner.java:361)
	at org.testng.SuiteRunner.privateRun(SuiteRunner.java:319)
	at org.testng.SuiteRunner.run(SuiteRunner.java:268)
	at org.testng.SuiteRunnerWorker.runSuite(SuiteRunnerWorker.java:52)
	at org.testng.SuiteRunnerWorker.run(SuiteRunnerWorker.java:86)
	at org.testng.TestNG.runSuitesSequentially(TestNG.java:1244)
	at org.testng.TestNG.runSuitesLocally(TestNG.java:1169)
	at org.testng.TestNG.run(TestNG.java:1064)
	at org.testng.IDEARemoteTestNG.run(IDEARemoteTestNG.java:74)
	at org.testng.RemoteTestNGStarter.main(RemoteTestNGStarter.java:121)
	at sun.reflect.NativeMethodAccessorImpl.invoke0(Native Method)
	at sun.reflect.NativeMethodAccessorImpl.invoke(NativeMethodAccessorImpl.java:62)
	at sun.reflect.DelegatingMethodAccessorImpl.invoke(DelegatingMethodAccessorImpl.java:43)
	at java.lang.reflect.Method.invoke(Method.java:498)
	at com.intellij.rt.execution.application.AppMain.main(AppMain.java:144)
</stack-trace>
            </failure>
            <steps/>
            <attachments/>
            <labels>
                <label name="host" value="orange"/>
                <label name="thread" value="3212@orange.main(1)"/>
            </labels>
        </test-case>
        <test-case start="1466348669364" stop="1466348677818" status="passed">
            <name>orderTotal_filter</name>
            <steps/>
            <attachments/>
            <labels>
                <label name="host" value="orange"/>
                <label name="thread" value="3212@orange.main(1)"/>
            </labels>
        </test-case>
        <test-case start="1466348678338" stop="1466348680106" status="failed">
            <name>noSearchResults_SKU</name>
            <failure>
                <message>AssertionError: Search query output isn't empty expected [true] but found [false]</message>
                <stack-trace>java.lang.AssertionError: Search query output isn't empty expected [true] but found [false]
	at org.testng.Assert.fail(Assert.java:94)
	at org.testng.Assert.failNotEquals(Assert.java:513)
	at org.testng.Assert.assertTrue(Assert.java:42)
	at pages.OrdersPage.assertNoSearchResults(OrdersPage.java:371)
	at tests.orderstests.SearchTest.noSearchResults_SKU(SearchTest.java:85)
	at sun.reflect.NativeMethodAccessorImpl.invoke0(Native Method)
	at sun.reflect.NativeMethodAccessorImpl.invoke(NativeMethodAccessorImpl.java:62)
	at sun.reflect.DelegatingMethodAccessorImpl.invoke(DelegatingMethodAccessorImpl.java:43)
	at java.lang.reflect.Method.invoke(Method.java:498)
	at org.testng.internal.MethodInvocationHelper.invokeMethod(MethodInvocationHelper.java:86)
	at org.testng.internal.Invoker.invokeMethod(Invoker.java:643)
	at org.testng.internal.Invoker.invokeTestMethod(Invoker.java:820)
	at org.testng.internal.Invoker.invokeTestMethods(Invoker.java:1128)
	at org.testng.internal.TestMethodWorker.invokeTestMethods(TestMethodWorker.java:129)
	at org.testng.internal.TestMethodWorker.run(TestMethodWorker.java:112)
	at org.testng.TestRunner.privateRun(TestRunner.java:782)
	at org.testng.TestRunner.run(TestRunner.java:632)
	at org.testng.SuiteRunner.runTest(SuiteRunner.java:366)
	at org.testng.SuiteRunner.runSequentially(SuiteRunner.java:361)
	at org.testng.SuiteRunner.privateRun(SuiteRunner.java:319)
	at org.testng.SuiteRunner.run(SuiteRunner.java:268)
	at org.testng.SuiteRunnerWorker.runSuite(SuiteRunnerWorker.java:52)
	at org.testng.SuiteRunnerWorker.run(SuiteRunnerWorker.java:86)
	at org.testng.TestNG.runSuitesSequentially(TestNG.java:1244)
	at org.testng.TestNG.runSuitesLocally(TestNG.java:1169)
	at org.testng.TestNG.run(TestNG.java:1064)
	at org.testng.IDEARemoteTestNG.run(IDEARemoteTestNG.java:74)
	at org.testng.RemoteTestNGStarter.main(RemoteTestNGStarter.java:121)
	at sun.reflect.NativeMethodAccessorImpl.invoke0(Native Method)
	at sun.reflect.NativeMethodAccessorImpl.invoke(NativeMethodAccessorImpl.java:62)
	at sun.reflect.DelegatingMethodAccessorImpl.invoke(DelegatingMethodAccessorImpl.java:43)
	at java.lang.reflect.Method.invoke(Method.java:498)
	at com.intellij.rt.execution.application.AppMain.main(AppMain.java:144)
</stack-trace>
            </failure>
            <steps/>
            <attachments/>
            <labels>
                <label name="host" value="orange"/>
                <label name="thread" value="3212@orange.main(1)"/>
            </labels>
        </test-case>
        <test-case start="1466348680122" stop="1466348685181" status="failed">
            <name>noSearchResults_email</name>
            <failure>
                <message>AssertionError: Search query output isn't empty expected [true] but found [false]</message>
                <stack-trace>java.lang.AssertionError: Search query output isn't empty expected [true] but found [false]
	at org.testng.Assert.fail(Assert.java:94)
	at org.testng.Assert.failNotEquals(Assert.java:513)
	at org.testng.Assert.assertTrue(Assert.java:42)
	at pages.OrdersPage.assertNoSearchResults(OrdersPage.java:371)
	at tests.orderstests.SearchTest.noSearchResults_email(SearchTest.java:77)
	at sun.reflect.NativeMethodAccessorImpl.invoke0(Native Method)
	at sun.reflect.NativeMethodAccessorImpl.invoke(NativeMethodAccessorImpl.java:62)
	at sun.reflect.DelegatingMethodAccessorImpl.invoke(DelegatingMethodAccessorImpl.java:43)
	at java.lang.reflect.Method.invoke(Method.java:498)
	at org.testng.internal.MethodInvocationHelper.invokeMethod(MethodInvocationHelper.java:86)
	at org.testng.internal.Invoker.invokeMethod(Invoker.java:643)
	at org.testng.internal.Invoker.invokeTestMethod(Invoker.java:820)
	at org.testng.internal.Invoker.invokeTestMethods(Invoker.java:1128)
	at org.testng.internal.TestMethodWorker.invokeTestMethods(TestMethodWorker.java:129)
	at org.testng.internal.TestMethodWorker.run(TestMethodWorker.java:112)
	at org.testng.TestRunner.privateRun(TestRunner.java:782)
	at org.testng.TestRunner.run(TestRunner.java:632)
	at org.testng.SuiteRunner.runTest(SuiteRunner.java:366)
	at org.testng.SuiteRunner.runSequentially(SuiteRunner.java:361)
	at org.testng.SuiteRunner.privateRun(SuiteRunner.java:319)
	at org.testng.SuiteRunner.run(SuiteRunner.java:268)
	at org.testng.SuiteRunnerWorker.runSuite(SuiteRunnerWorker.java:52)
	at org.testng.SuiteRunnerWorker.run(SuiteRunnerWorker.java:86)
	at org.testng.TestNG.runSuitesSequentially(TestNG.java:1244)
	at org.testng.TestNG.runSuitesLocally(TestNG.java:1169)
	at org.testng.TestNG.run(TestNG.java:1064)
	at org.testng.IDEARemoteTestNG.run(IDEARemoteTestNG.java:74)
	at org.testng.RemoteTestNGStarter.main(RemoteTestNGStarter.java:121)
	at sun.reflect.NativeMethodAccessorImpl.invoke0(Native Method)
	at sun.reflect.NativeMethodAccessorImpl.invoke(NativeMethodAccessorImpl.java:62)
	at sun.reflect.DelegatingMethodAccessorImpl.invoke(DelegatingMethodAccessorImpl.java:43)
	at java.lang.reflect.Method.invoke(Method.java:498)
	at com.intellij.rt.execution.application.AppMain.main(AppMain.java:144)
</stack-trace>
            </failure>
            <steps/>
            <attachments/>
            <labels>
                <label name="host" value="orange"/>
                <label name="thread" value="3212@orange.main(1)"/>
            </labels>
        </test-case>
        <test-case start="1466348693341" stop="1466348735244" status="passed">
            <name>addItemToCart</name>
            <steps/>
            <attachments/>
            <labels>
                <label name="host" value="orange"/>
                <label name="thread" value="3212@orange.main(1)"/>
            </labels>
        </test-case>
        <test-case start="1466348735247" stop="1466348746322" status="passed">
            <name>increaseItemQuantity_arrowBtn</name>
            <steps/>
            <attachments/>
            <labels>
                <label name="host" value="orange"/>
                <label name="thread" value="3212@orange.main(1)"/>
            </labels>
        </test-case>
        <test-case start="1466348746324" stop="1466348781872" status="passed">
            <name>decreaseItemQuantity_arrowBtn</name>
            <steps/>
            <attachments/>
            <labels>
                <label name="host" value="orange"/>
                <label name="thread" value="3212@orange.main(1)"/>
            </labels>
        </test-case>
        <test-case start="1466348781874" stop="1466348821192" status="passed">
            <name>decreaseItemQuantityBelowZero</name>
            <steps/>
            <attachments/>
            <labels>
                <label name="host" value="orange"/>
                <label name="thread" value="3212@orange.main(1)"/>
            </labels>
        </test-case>
        <test-case start="1466348821194" stop="1466348831896" status="passed">
            <name>editItemQuantity_directInput</name>
            <steps/>
            <attachments/>
            <labels>
                <label name="host" value="orange"/>
                <label name="thread" value="3212@orange.main(1)"/>
            </labels>
        </test-case>
        <test-case start="1466348831898" stop="1466348868190" status="passed">
            <name>deletionCancel_deleteBtn</name>
            <steps/>
            <attachments/>
            <labels>
                <label name="host" value="orange"/>
                <label name="thread" value="3212@orange.main(1)"/>
            </labels>
        </test-case>
        <test-case start="1466348868193" stop="1466348910141" status="passed">
            <name>deletionCancel_qtyBelowZero</name>
            <steps/>
            <attachments/>
            <labels>
                <label name="host" value="orange"/>
                <label name="thread" value="3212@orange.main(1)"/>
            </labels>
        </test-case>
        <test-case start="1466348910143" stop="1466348925373" status="passed">
            <name>deleteItem_deleteBtn</name>
            <steps/>
            <attachments/>
            <labels>
                <label name="host" value="orange"/>
                <label name="thread" value="3212@orange.main(1)"/>
            </labels>
        </test-case>
        <test-case start="1466348933828" stop="1466348963630" status="passed">
            <name>addNewAddress_emptyAddressBook</name>
            <steps/>
            <attachments/>
            <labels>
                <label name="host" value="orange"/>
                <label name="thread" value="3212@orange.main(1)"/>
            </labels>
        </test-case>
        <test-case start="1466348963676" stop="1466348992694" status="passed">
            <name>addNewAddress_nonEmptyAddressBook</name>
            <steps/>
            <attachments/>
            <labels>
                <label name="host" value="orange"/>
                <label name="thread" value="3212@orange.main(1)"/>
            </labels>
        </test-case>
        <test-case start="1466348992741" stop="1466349002016" status="passed">
            <name>chooseShippingAddress</name>
            <steps/>
            <attachments/>
            <labels>
                <label name="host" value="orange"/>
                <label name="thread" value="3212@orange.main(1)"/>
            </labels>
        </test-case>
        <test-case start="1466349002105" stop="1466349016574" status="failed">
            <name>editChosenShippingAddress</name>
            <failure>
                <message>ElementShouldNot: Element should not visible {By.xpath: //input[@name='name']}
Element: '&lt;input id="form-field-1" name="name" type="text" value="John Doe"&gt;&lt;/input&gt;'</message>
                <stack-trace>Element should not visible {By.xpath: //input[@name='name']}
Element: '&lt;input id="form-field-1" name="name" type="text" value="John Doe"&gt;&lt;/input&gt;'
Screenshot: file:/home/cosmic/IdeaProjects/FC/ui-tests/.idea/modules/build/reports/tests/1466349016103.0.png
Timeout: 8 s.
	at com.codeborne.selenide.impl.WebElementSource.checkCondition(WebElementSource.java:63)
	at com.codeborne.selenide.commands.ShouldNot.shouldNot(ShouldNot.java:36)
	at com.codeborne.selenide.commands.ShouldNot.execute(ShouldNot.java:29)
	at com.codeborne.selenide.commands.ShouldNot.execute(ShouldNot.java:12)
	at com.codeborne.selenide.commands.Commands.execute(Commands.java:137)
	at com.codeborne.selenide.impl.SelenideElementProxy.dispatchAndRetry(SelenideElementProxy.java:82)
	at com.codeborne.selenide.impl.SelenideElementProxy.invoke(SelenideElementProxy.java:58)
	at com.sun.proxy.$Proxy7.shouldNot(Unknown Source)
	at base.BasePage.elementNotVisible(BasePage.java:48)
	at pages.OrderDetailsPage.applyChangesToAddress(OrderDetailsPage.java:351)
	at tests.orderstests.ShippingAddressTest.editChosenShippingAddress(ShippingAddressTest.java:84)
	at sun.reflect.NativeMethodAccessorImpl.invoke0(Native Method)
	at sun.reflect.NativeMethodAccessorImpl.invoke(NativeMethodAccessorImpl.java:62)
	at sun.reflect.DelegatingMethodAccessorImpl.invoke(DelegatingMethodAccessorImpl.java:43)
	at java.lang.reflect.Method.invoke(Method.java:498)
	at org.testng.internal.MethodInvocationHelper.invokeMethod(MethodInvocationHelper.java:86)
	at org.testng.internal.Invoker.invokeMethod(Invoker.java:643)
	at org.testng.internal.Invoker.invokeTestMethod(Invoker.java:820)
	at org.testng.internal.Invoker.invokeTestMethods(Invoker.java:1128)
	at org.testng.internal.TestMethodWorker.invokeTestMethods(TestMethodWorker.java:129)
	at org.testng.internal.TestMethodWorker.run(TestMethodWorker.java:112)
	at org.testng.TestRunner.privateRun(TestRunner.java:782)
	at org.testng.TestRunner.run(TestRunner.java:632)
	at org.testng.SuiteRunner.runTest(SuiteRunner.java:366)
	at org.testng.SuiteRunner.runSequentially(SuiteRunner.java:361)
	at org.testng.SuiteRunner.privateRun(SuiteRunner.java:319)
	at org.testng.SuiteRunner.run(SuiteRunner.java:268)
	at org.testng.SuiteRunnerWorker.runSuite(SuiteRunnerWorker.java:52)
	at org.testng.SuiteRunnerWorker.run(SuiteRunnerWorker.java:86)
	at org.testng.TestNG.runSuitesSequentially(TestNG.java:1244)
	at org.testng.TestNG.runSuitesLocally(TestNG.java:1169)
	at org.testng.TestNG.run(TestNG.java:1064)
	at org.testng.IDEARemoteTestNG.run(IDEARemoteTestNG.java:74)
	at org.testng.RemoteTestNGStarter.main(RemoteTestNGStarter.java:121)
	at sun.reflect.NativeMethodAccessorImpl.invoke0(Native Method)
	at sun.reflect.NativeMethodAccessorImpl.invoke(NativeMethodAccessorImpl.java:62)
	at sun.reflect.DelegatingMethodAccessorImpl.invoke(DelegatingMethodAccessorImpl.java:43)
	at java.lang.reflect.Method.invoke(Method.java:498)
	at com.intellij.rt.execution.application.AppMain.main(AppMain.java:144)
</stack-trace>
            </failure>
            <steps/>
            <attachments/>
            <labels>
                <label name="host" value="orange"/>
                <label name="thread" value="3212@orange.main(1)"/>
            </labels>
        </test-case>
        <test-case start="1466349017832" stop="1466349042251" status="passed">
            <name>deleteChosenShippingAddress</name>
            <steps/>
            <attachments/>
            <labels>
                <label name="host" value="orange"/>
                <label name="thread" value="3212@orange.main(1)"/>
            </labels>
        </test-case>
        <test-case start="1466349042319" stop="1466349054718" status="passed">
            <name>setDefaultShippingAddress</name>
            <steps/>
            <attachments/>
            <labels>
                <label name="host" value="orange"/>
                <label name="thread" value="3212@orange.main(1)"/>
            </labels>
        </test-case>
        <test-case start="1466349054764" stop="1466349067541" status="passed">
            <name>changeDefaultShippingAddress</name>
            <steps/>
            <attachments/>
            <labels>
                <label name="host" value="orange"/>
                <label name="thread" value="3212@orange.main(1)"/>
            </labels>
        </test-case>
        <test-case start="1466349074054" stop="1466349082463" status="passed">
            <name>setShipMethod</name>
            <steps/>
            <attachments/>
            <labels>
                <label name="host" value="orange"/>
                <label name="thread" value="3212@orange.main(1)"/>
            </labels>
        </test-case>
        <test-case start="1466349088952" stop="1466349109241" status="passed">
            <name>addPaymentMethod_creditCard</name>
            <steps/>
            <attachments/>
            <labels>
                <label name="host" value="orange"/>
                <label name="thread" value="3212@orange.main(1)"/>
            </labels>
        </test-case>
        <test-case start="1466349109243" stop="1466349128543" status="failed">
            <name>addPaymentMethod_giftCard</name>
            <failure>
                <message>ElementNotFound: Element not found {By.xpath: //input[@name='currencyInput']}
Expected: visible</message>
                <stack-trace>Element not found {By.xpath: //input[@name='currencyInput']}
Expected: visible
Screenshot: file:/home/cosmic/IdeaProjects/FC/ui-tests/.idea/modules/build/reports/tests/1466349128149.1.png
Timeout: 8 s.
Caused by: NoSuchElementException: no such element: Unable to locate element: {"method":"xpath","selector":"//input[@name='currencyInput']"}
	at com.codeborne.selenide.impl.WebElementSource.createElementNotFoundError(WebElementSource.java:31)
	at com.codeborne.selenide.impl.ElementFinder.createElementNotFoundError(ElementFinder.java:82)
	at com.codeborne.selenide.impl.WebElementSource.checkCondition(WebElementSource.java:59)
	at com.codeborne.selenide.commands.Should.should(Should.java:35)
	at com.codeborne.selenide.commands.Should.execute(Should.java:29)
	at com.codeborne.selenide.commands.Should.execute(Should.java:12)
	at com.codeborne.selenide.commands.Commands.execute(Commands.java:137)
	at com.codeborne.selenide.impl.SelenideElementProxy.dispatchAndRetry(SelenideElementProxy.java:82)
	at com.codeborne.selenide.impl.SelenideElementProxy.invoke(SelenideElementProxy.java:58)
	at com.sun.proxy.$Proxy7.shouldBe(Unknown Source)
	at base.BasePage.elementIsVisible(BasePage.java:43)
	at base.BasePage.setFieldVal(BasePage.java:53)
	at tests.orderstests.PaymentMethodTest.addPaymentMethod_giftCard(PaymentMethodTest.java:55)
	at sun.reflect.NativeMethodAccessorImpl.invoke0(Native Method)
	at sun.reflect.NativeMethodAccessorImpl.invoke(NativeMethodAccessorImpl.java:62)
	at sun.reflect.DelegatingMethodAccessorImpl.invoke(DelegatingMethodAccessorImpl.java:43)
	at java.lang.reflect.Method.invoke(Method.java:498)
	at org.testng.internal.MethodInvocationHelper.invokeMethod(MethodInvocationHelper.java:86)
	at org.testng.internal.Invoker.invokeMethod(Invoker.java:643)
	at org.testng.internal.Invoker.invokeTestMethod(Invoker.java:820)
	at org.testng.internal.Invoker.invokeTestMethods(Invoker.java:1128)
	at org.testng.internal.TestMethodWorker.invokeTestMethods(TestMethodWorker.java:129)
	at org.testng.internal.TestMethodWorker.run(TestMethodWorker.java:112)
	at org.testng.TestRunner.privateRun(TestRunner.java:782)
	at org.testng.TestRunner.run(TestRunner.java:632)
	at org.testng.SuiteRunner.runTest(SuiteRunner.java:366)
	at org.testng.SuiteRunner.runSequentially(SuiteRunner.java:361)
	at org.testng.SuiteRunner.privateRun(SuiteRunner.java:319)
	at org.testng.SuiteRunner.run(SuiteRunner.java:268)
	at org.testng.SuiteRunnerWorker.runSuite(SuiteRunnerWorker.java:52)
	at org.testng.SuiteRunnerWorker.run(SuiteRunnerWorker.java:86)
	at org.testng.TestNG.runSuitesSequentially(TestNG.java:1244)
	at org.testng.TestNG.runSuitesLocally(TestNG.java:1169)
	at org.testng.TestNG.run(TestNG.java:1064)
	at org.testng.IDEARemoteTestNG.run(IDEARemoteTestNG.java:74)
	at org.testng.RemoteTestNGStarter.main(RemoteTestNGStarter.java:121)
	at sun.reflect.NativeMethodAccessorImpl.invoke0(Native Method)
	at sun.reflect.NativeMethodAccessorImpl.invoke(NativeMethodAccessorImpl.java:62)
	at sun.reflect.DelegatingMethodAccessorImpl.invoke(DelegatingMethodAccessorImpl.java:43)
	at java.lang.reflect.Method.invoke(Method.java:498)
	at com.intellij.rt.execution.application.AppMain.main(AppMain.java:144)
Caused by: org.openqa.selenium.NoSuchElementException: no such element: Unable to locate element: {"method":"xpath","selector":"//input[@name='currencyInput']"}
  (Session info: chrome=51.0.2704.103)
  (Driver info: chromedriver=2.21.371461 (633e689b520b25f3e264a2ede6b74ccc23cb636a),platform=Linux 4.2.0-38-generic x86_64) (WARNING: The server did not provide any stacktrace information)
Command duration or timeout: 21 milliseconds
For documentation on this error, please visit: http://seleniumhq.org/exceptions/no_such_element.html
Build info: version: '2.53.0', revision: '35ae25b1534ae328c771e0856c93e187490ca824', time: '2016-03-15 10:43:46'
System info: host: 'orange', ip: '127.0.1.1', os.name: 'Linux', os.arch: 'amd64', os.version: '4.2.0-38-generic', java.version: '1.8.0_91'
Driver info: org.openqa.selenium.chrome.ChromeDriver
Capabilities [{applicationCacheEnabled=false, rotatable=false, mobileEmulationEnabled=false, chrome={chromedriverVersion=2.21.371461 (633e689b520b25f3e264a2ede6b74ccc23cb636a), userDataDir=/tmp/.com.google.Chrome.JPm9Y5}, takesHeapSnapshot=true, databaseEnabled=false, handlesAlerts=true, hasTouchScreen=false, version=51.0.2704.103, platform=LINUX, browserConnectionEnabled=false, nativeEvents=true, acceptSslCerts=true, locationContextEnabled=true, webStorageEnabled=true, browserName=chrome, takesScreenshot=true, javascriptEnabled=true, cssSelectorsEnabled=true}]
Session ID: 53b7185f81aec8e79fbbc31b4552196d
*** Element info: {Using=xpath, value=//input[@name='currencyInput']}
	at sun.reflect.GeneratedConstructorAccessor11.newInstance(Unknown Source)
	at sun.reflect.DelegatingConstructorAccessorImpl.newInstance(DelegatingConstructorAccessorImpl.java:45)
	at java.lang.reflect.Constructor.newInstance(Constructor.java:423)
	at org.openqa.selenium.remote.ErrorHandler.createThrowable(ErrorHandler.java:206)
	at org.openqa.selenium.remote.ErrorHandler.throwIfResponseFailed(ErrorHandler.java:158)
	at org.openqa.selenium.remote.RemoteWebDriver.execute(RemoteWebDriver.java:678)
	at org.openqa.selenium.remote.RemoteWebDriver.findElement(RemoteWebDriver.java:363)
	at org.openqa.selenium.remote.RemoteWebDriver.findElementByXPath(RemoteWebDriver.java:500)
	at org.openqa.selenium.By$ByXPath.findElement(By.java:361)
	at org.openqa.selenium.remote.RemoteWebDriver.findElement(RemoteWebDriver.java:355)
	at com.codeborne.selenide.impl.WebElementSelector.findElement(WebElementSelector.java:28)
	at com.codeborne.selenide.impl.ElementFinder.getWebElement(ElementFinder.java:56)
	at com.codeborne.selenide.impl.WebElementSource.checkCondition(WebElementSource.java:44)
	... 38 more
</stack-trace>
            </failure>
            <steps/>
            <attachments/>
            <labels>
                <label name="host" value="orange"/>
                <label name="thread" value="3212@orange.main(1)"/>
            </labels>
        </test-case>
    </test-cases>
    <labels>
        <label name="framework" value="TestNG"/>
        <label name="language" value="JAVA"/>
    </labels>
</ns2:test-suite>
